<?xml version="1.0" encoding="UTF-8"?>
<testsuite name="org.votebloke.blockchain.VotesTellerTest" tests="8" skipped="0" failures="0" errors="0" timestamp="2021-05-16T19:17:06" hostname="konrads-macbook-pro.home" time="0.009">
  <properties/>
  <testcase name="tallyVotesHasExpectedKeys()" classname="org.votebloke.blockchain.VotesTellerTest" time="0.003"/>
  <testcase name="tallyVotesVoteCountsLengthMatchesAnswersLength()" classname="org.votebloke.blockchain.VotesTellerTest" time="0.001"/>
  <testcase name="tallyVotesNoSuchElementExceptionWhenAnswerIsNotAllowed()" classname="org.votebloke.blockchain.VotesTellerTest" time="0.001"/>
  <testcase name="tallyVotesHasExpectedAnswer()" classname="org.votebloke.blockchain.VotesTellerTest" time="0.0"/>
  <testcase name="tallyVotesHasExpectedQuestion()" classname="org.votebloke.blockchain.VotesTellerTest" time="0.001"/>
  <testcase name="constructorDoesNotThrow()" classname="org.votebloke.blockchain.VotesTellerTest" time="0.001"/>
  <testcase name="tallyVotesVoteCountsHaveExpectedCounts()" classname="org.votebloke.blockchain.VotesTellerTest" time="0.001"/>
  <testcase name="tallyVotesVoteCountsHaveExpectedLength()" classname="org.votebloke.blockchain.VotesTellerTest" time="0.0"/>
  <system-out><![CDATA[]]></system-out>
  <system-err><![CDATA[]]></system-err>
</testsuite>
