<?xml version="1.0" encoding="UTF-8"?>
<testsuite name="org.votebloke.blockchain.ElectionsTest" tests="16" skipped="0" failures="0" errors="0" timestamp="2021-05-16T19:17:06" hostname="konrads-macbook-pro.home" time="0.096">
  <properties/>
  <testcase name="electionsProcessEntryNoArgumentsOverload()" classname="org.votebloke.blockchain.ElectionsTest" time="0.015"/>
  <testcase name="electionsValidateTrueAfterProcessEntry()" classname="org.votebloke.blockchain.ElectionsTest" time="0.002"/>
  <testcase name="electionsConstructors()" classname="org.votebloke.blockchain.ElectionsTest" time="0.001"/>
  <testcase name="electionsSetter()" classname="org.votebloke.blockchain.ElectionsTest" time="0.005"/>
  <testcase name="electionsToString()" classname="org.votebloke.blockchain.ElectionsTest" time="0.003"/>
  <testcase name="electionsProcessEntryAnswersAndQuestionSet()" classname="org.votebloke.blockchain.ElectionsTest" time="0.002"/>
  <testcase name="electionsProcessEntryReturnsEmptyArray()" classname="org.votebloke.blockchain.ElectionsTest" time="0.001"/>
  <testcase name="electionsRuntimeExceptionWhenAnswersArrayHasNoElements()" classname="org.votebloke.blockchain.ElectionsTest" time="0.002"/>
  <testcase name="electionsValidateFalseBeforeProcessEntry()" classname="org.votebloke.blockchain.ElectionsTest" time="0.002"/>
  <testcase name="electionsValidateFalseAfterProcessEntryAndModification()" classname="org.votebloke.blockchain.ElectionsTest" time="0.001"/>
  <testcase name="electionsIllegalArgumentWhenNullInConstructor()" classname="org.votebloke.blockchain.ElectionsTest" time="0.001"/>
  <testcase name="electionsNullIdIfNotProcessed()" classname="org.votebloke.blockchain.ElectionsTest" time="0.001"/>
  <testcase name="electionsSetQuestionIllegalArgExceptionWhenNull()" classname="org.votebloke.blockchain.ElectionsTest" time="0.001"/>
  <testcase name="electionsSetAnswersIllegalArgExceptionWhenNull()" classname="org.votebloke.blockchain.ElectionsTest" time="0.0"/>
  <testcase name="electionsIllegalArgumentWhenNotNullInProcessEntry()" classname="org.votebloke.blockchain.ElectionsTest" time="0.002"/>
  <testcase name="electionsGetters()" classname="org.votebloke.blockchain.ElectionsTest" time="0.001"/>
  <system-out><![CDATA[]]></system-out>
  <system-err><![CDATA[]]></system-err>
</testsuite>
