<?xml version="1.0" encoding="UTF-8"?>
<testsuite name="org.votebloke.blockchain.BlockTest" tests="5" skipped="0" failures="0" errors="0" timestamp="2021-05-16T19:17:06" hostname="konrads-macbook-pro.home" time="0.005">
  <properties/>
  <testcase name="isBlockValid_NoHashNotValid()" classname="org.votebloke.blockchain.BlockTest" time="0.001"/>
  <testcase name="addTransaction()" classname="org.votebloke.blockchain.BlockTest" time="0.001"/>
  <testcase name="isBlockValid_MinedIsValid()" classname="org.votebloke.blockchain.BlockTest" time="0.001"/>
  <testcase name="getId()" classname="org.votebloke.blockchain.BlockTest" time="0.001"/>
  <testcase name="mineHash_IsOfLength64()" classname="org.votebloke.blockchain.BlockTest" time="0.001"/>
  <system-out><![CDATA[]]></system-out>
  <system-err><![CDATA[]]></system-err>
</testsuite>
