<?xml version="1.0" encoding="UTF-8"?>
<testsuite name="org.votebloke.blockchain.AccountTest" tests="3" skipped="0" failures="0" errors="0" timestamp="2021-05-16T19:17:06" hostname="konrads-macbook-pro.home" time="0.06">
  <properties/>
  <testcase name="createElectionsTestReturnsValidTransaction()" classname="org.votebloke.blockchain.AccountTest" time="0.041"/>
  <testcase name="createElectionsTestAddingToBlockDoesNotThrow()" classname="org.votebloke.blockchain.AccountTest" time="0.009"/>
  <testcase name="voteTestReturnsValidTransaction()" classname="org.votebloke.blockchain.AccountTest" time="0.01"/>
  <system-out><![CDATA[]]></system-out>
  <system-err><![CDATA[]]></system-err>
</testsuite>
