<?xml version="1.0" encoding="UTF-8"?>
<testsuite name="org.votebloke.blockchain.VoteTest" tests="1" skipped="0" failures="0" errors="0" timestamp="2021-05-16T19:17:06" hostname="konrads-macbook-pro.home" time="0.022">
  <properties/>
  <testcase name="voteConstructors()" classname="org.votebloke.blockchain.VoteTest" time="0.022"/>
  <system-out><![CDATA[]]></system-out>
  <system-err><![CDATA[]]></system-err>
</testsuite>
