<?xml version="1.0" encoding="UTF-8"?>
<testsuite name="org.votebloke.blockchain.ChainTest" tests="6" skipped="0" failures="0" errors="0" timestamp="2021-05-16T19:17:06" hostname="konrads-macbook-pro.home" time="0.012">
  <properties/>
  <testcase name="addBlock_InvalidBlocksNotAdded()" classname="org.votebloke.blockchain.ChainTest" time="0.007"/>
  <testcase name="isChainValid_OnlyGenesis()" classname="org.votebloke.blockchain.ChainTest" time="0.001"/>
  <testcase name="addBlock_IncrementsChainLength()" classname="org.votebloke.blockchain.ChainTest" time="0.001"/>
  <testcase name="addBlock_UpdatesLatestHash()" classname="org.votebloke.blockchain.ChainTest" time="0.001"/>
  <testcase name="addBlock_ReturnsTrueIfAdded()" classname="org.votebloke.blockchain.ChainTest" time="0.0"/>
  <testcase name="isChainValid_WrongPreviousHash()" classname="org.votebloke.blockchain.ChainTest" time="0.001"/>
  <system-out><![CDATA[]]></system-out>
  <system-err><![CDATA[]]></system-err>
</testsuite>
