<?xml version="1.0" encoding="UTF-8"?>
<testsuite name="org.votebloke.blockchain.TransactionTest" tests="3" skipped="0" failures="0" errors="0" timestamp="2021-05-16T19:17:06" hostname="konrads-macbook-pro.home" time="0.002">
  <properties/>
  <testcase name="generateSignature()" classname="org.votebloke.blockchain.TransactionTest" time="0.0"/>
  <testcase name="processTransaction()" classname="org.votebloke.blockchain.TransactionTest" time="0.001"/>
  <testcase name="verifySignature()" classname="org.votebloke.blockchain.TransactionTest" time="0.001"/>
  <system-out><![CDATA[]]></system-out>
  <system-err><![CDATA[]]></system-err>
</testsuite>
